
22/06/2022 11:48:53 : La route n'existe pas
22/06/2022 11:48:54 : La route n'existe pas
22/06/2022 19:06:35 : La route n'existe pas
22/06/2022 19:07:36 : La route n'existe pas
23/06/2022 08:21:49 : La route n'existe pas
23/06/2022 10:24:51 : La route n'existe pas
23/06/2022 10:24:51 : La route n'existe pas
23/06/2022 10:24:51 : La route n'existe pas
23/06/2022 10:24:51 : La route n'existe pas
23/06/2022 11:05:56 : La route n'existe pas
23/06/2022 11:06:08 : La route n'existe pas
23/06/2022 11:06:08 : La route n'existe pas
23/06/2022 11:06:08 : La route n'existe pas
23/06/2022 11:06:08 : La route n'existe pas
23/06/2022 11:06:27 : La route n'existe pas
23/06/2022 11:07:38 : La route n'existe pas
23/06/2022 11:07:55 : La route n'existe pas
23/06/2022 13:59:00 : SQLSTATE[42000]: Syntax error or access violation: 1064 You have an error in your SQL syntax; check the manual that corresponds to your MySQL server version for the right syntax to use near ''', password = NULL
				WHERE id = '6'' at line 2
23/06/2022 14:00:39 : SQLSTATE[42000]: Syntax error or access violation: 1064 You have an error in your SQL syntax; check the manual that corresponds to your MySQL server version for the right syntax to use near ''', password = NULL
				WHERE id = '6'' at line 2
23/06/2022 14:02:32 : SQLSTATE[42000]: Syntax error or access violation: 1064 You have an error in your SQL syntax; check the manual that corresponds to your MySQL server version for the right syntax to use near ''', password = '$argon2id$v=19$m=65536,t=4,p=1$VFdmNGZVWHVXaVd5cm5VMg$DNHwQh9E36' at line 2
23/06/2022 14:03:05 : SQLSTATE[42000]: Syntax error or access violation: 1064 You have an error in your SQL syntax; check the manual that corresponds to your MySQL server version for the right syntax to use near ''', password = '$argon2id$v=19$m=65536,t=4,p=1$cTFpU1FpTVNjMHFueGpjRQ$sVX74/Zkmr' at line 2
23/06/2022 14:03:37 : SQLSTATE[42000]: Syntax error or access violation: 1064 You have an error in your SQL syntax; check the manual that corresponds to your MySQL server version for the right syntax to use near ''', password = '$argon2id$v=19$m=65536,t=4,p=1$b1k2anRJaTdEa1JJMWVxSQ$QhkQhUe3Lv' at line 2
23/06/2022 14:05:17 : SQLSTATE[42000]: Syntax error or access violation: 1064 You have an error in your SQL syntax; check the manual that corresponds to your MySQL server version for the right syntax to use near ''', password = NULL
				WHERE id = '6'' at line 2
23/06/2022 14:08:27 : SQLSTATE[42000]: Syntax error or access violation: 1064 You have an error in your SQL syntax; check the manual that corresponds to your MySQL server version for the right syntax to use near 'NULL, password = NULL
				WHERE id = '6'' at line 2
24/06/2022 08:08:32 : SQLSTATE[HY000]: General error: 1366 Incorrect integer value: 'Anonyme' for column 'codePostal' at row 1
24/06/2022 14:14:08 : La route n'existe pas
24/06/2022 14:14:16 : La route n'existe pas
24/06/2022 14:14:26 : La route n'existe pas
24/06/2022 14:14:32 : La route n'existe pas
24/06/2022 14:17:08 : La route n'existe pas
24/06/2022 18:55:49 : SQLSTATE[01000]: Warning: 1265 Data truncated for column 'price' at row 1
24/06/2022 18:56:24 : SQLSTATE[01000]: Warning: 1265 Data truncated for column 'price' at row 1
24/06/2022 19:48:56 : La route n'existe pas
24/06/2022 20:07:30 : La route n'existe pas
24/06/2022 20:07:30 : La route n'existe pas
24/06/2022 20:07:30 : La route n'existe pas
24/06/2022 20:07:30 : La route n'existe pas
24/06/2022 20:08:53 : La route n'existe pas
24/06/2022 20:08:53 : La route n'existe pas
24/06/2022 20:08:53 : La route n'existe pas
24/06/2022 20:08:53 : La route n'existe pas
24/06/2022 20:17:49 : La route n'existe pas
25/07/2022 13:46:53 : La route n'existe pas
25/07/2022 13:56:00 : La route n'existe pas
25/07/2022 13:56:00 : La route n'existe pas
25/07/2022 13:56:00 : La route n'existe pas
25/07/2022 13:56:22 : La route n'existe pas
25/07/2022 13:56:22 : La route n'existe pas
25/07/2022 13:56:22 : La route n'existe pas
25/07/2022 13:56:22 : La route n'existe pas
25/07/2022 13:56:56 : La route n'existe pas
25/07/2022 13:56:56 : La route n'existe pas
25/07/2022 13:56:56 : La route n'existe pas
25/07/2022 13:56:56 : La route n'existe pas
25/07/2022 13:56:58 : La route n'existe pas
25/07/2022 13:56:58 : La route n'existe pas
25/07/2022 13:56:58 : La route n'existe pas
25/07/2022 13:56:58 : La route n'existe pas
25/07/2022 13:57:03 : La route n'existe pas
25/07/2022 13:57:04 : La route n'existe pas
25/07/2022 13:57:04 : La route n'existe pas
25/07/2022 13:57:04 : La route n'existe pas
25/07/2022 13:57:04 : La route n'existe pas
25/07/2022 13:57:06 : La route n'existe pas
25/07/2022 13:57:06 : La route n'existe pas
25/07/2022 13:57:06 : La route n'existe pas
25/07/2022 13:57:06 : La route n'existe pas
25/07/2022 13:59:55 : La route n'existe pas
25/07/2022 13:59:55 : La route n'existe pas
25/07/2022 13:59:55 : La route n'existe pas
25/07/2022 13:59:55 : La route n'existe pas
25/07/2022 14:00:57 : La route n'existe pas
25/07/2022 14:00:57 : La route n'existe pas
25/07/2022 14:00:57 : La route n'existe pas
25/07/2022 14:00:57 : La route n'existe pas
25/07/2022 14:04:22 : La route n'existe pas
25/07/2022 14:04:22 : La route n'existe pas
25/07/2022 14:04:22 : La route n'existe pas
25/07/2022 14:04:51 : La route n'existe pas
25/07/2022 14:16:58 : La route n'existe pas
25/07/2022 14:19:05 : La route n'existe pas
02/08/2022 07:44:28 : La route n'existe pas
02/08/2022 08:25:45 : La route n'existe pas
02/08/2022 08:41:31 : La route n'existe pas
02/08/2022 08:41:42 : La route n'existe pas
02/08/2022 09:24:26 : La route n'existe pas
02/08/2022 09:26:12 : La route n'existe pas
02/08/2022 20:50:05 : La route n'existe pas
02/08/2022 20:53:24 : La route n'existe pas
02/08/2022 20:53:30 : La route n'existe pas
02/08/2022 20:53:31 : La route n'existe pas
03/08/2022 13:34:13 : La route n'existe pas
03/08/2022 14:12:07 : La route n'existe pas
03/08/2022 16:30:49 : La route n'existe pas
04/08/2022 07:41:19 : La route n'existe pas
04/08/2022 08:06:43 : La route n'existe pas
04/08/2022 08:07:02 : La route n'existe pas
04/08/2022 08:16:15 : La route n'existe pas
04/08/2022 08:18:51 : La route n'existe pas
04/08/2022 08:19:40 : La route n'existe pas
04/08/2022 08:20:12 : La route n'existe pas
04/08/2022 08:20:23 : La route n'existe pas
04/08/2022 08:23:35 : La route n'existe pas
04/08/2022 08:23:40 : La route n'existe pas
04/08/2022 08:23:51 : La route n'existe pas
04/08/2022 08:23:55 : La route n'existe pas
04/08/2022 08:24:04 : La route n'existe pas
04/08/2022 08:24:09 : La route n'existe pas
04/08/2022 08:24:31 : La route n'existe pas
04/08/2022 08:24:47 : La route n'existe pas
04/08/2022 08:24:48 : La route n'existe pas
04/08/2022 08:24:51 : La route n'existe pas
04/08/2022 08:34:09 : La route n'existe pas
04/08/2022 09:02:34 : La route n'existe pas
04/08/2022 09:08:42 : La route n'existe pas
04/08/2022 09:10:37 : Product not found
04/08/2022 10:38:01 : La route n'existe pas
04/08/2022 10:46:19 : La route n'existe pas
04/08/2022 10:58:39 : La route n'existe pas
04/08/2022 12:21:37 : SQLSTATE[HY093]: Invalid parameter number: number of bound variables does not match number of tokens
04/08/2022 15:06:45 : SQLSTATE[HY000]: General error: 1364 Field 'product_name' doesn't have a default value
05/08/2022 06:50:28 : La route n'existe pas
05/08/2022 06:50:28 : La route n'existe pas
05/08/2022 06:50:41 : La route n'existe pas
05/08/2022 06:54:17 : La route n'existe pas
05/08/2022 22:47:58 : La route n'existe pas
05/08/2022 22:48:02 : La route n'existe pas
05/08/2022 22:48:16 : La route n'existe pas
05/08/2022 22:52:35 : La route n'existe pas
06/08/2022 07:15:45 : SQLSTATE[23000]: Integrity constraint violation: 1048 Column 'user_id' cannot be null
06/08/2022 20:52:41 : SQLSTATE[23000]: Integrity constraint violation: 1048 Column 'user_id' cannot be null
06/08/2022 20:56:54 : SQLSTATE[23000]: Integrity constraint violation: 1048 Column 'user_id' cannot be null
07/08/2022 07:36:17 : SQLSTATE[HY000] [2002] Connection refused
07/08/2022 14:19:52 : La route n'existe pas
07/08/2022 14:22:51 : La route n'existe pas
07/08/2022 14:22:59 : La route n'existe pas
07/08/2022 14:58:15 : La route n'existe pas
07/08/2022 15:21:26 : SQLSTATE[23000]: Integrity constraint violation: 1451 Cannot delete or update a parent row: a foreign key constraint fails (`tam`.`basket`, CONSTRAINT `product_id` FOREIGN KEY (`product_id`) REFERENCES `products` (`id`))
07/08/2022 15:22:33 : La route n'existe pas
07/08/2022 15:23:01 : SQLSTATE[23000]: Integrity constraint violation: 1451 Cannot delete or update a parent row: a foreign key constraint fails (`tam`.`basket`, CONSTRAINT `product_id` FOREIGN KEY (`product_id`) REFERENCES `products` (`id`))
07/08/2022 15:23:11 : SQLSTATE[23000]: Integrity constraint violation: 1451 Cannot delete or update a parent row: a foreign key constraint fails (`tam`.`basket`, CONSTRAINT `product_id` FOREIGN KEY (`product_id`) REFERENCES `products` (`id`))
07/08/2022 15:30:00 : SQLSTATE[23000]: Integrity constraint violation: 1451 Cannot delete or update a parent row: a foreign key constraint fails (`tam`.`basket`, CONSTRAINT `product_id` FOREIGN KEY (`product_id`) REFERENCES `products` (`id`))
07/08/2022 15:36:05 : SQLSTATE[23000]: Integrity constraint violation: 1451 Cannot delete or update a parent row: a foreign key constraint fails (`tam`.`basket`, CONSTRAINT `product_id` FOREIGN KEY (`product_id`) REFERENCES `products` (`id`))
07/08/2022 15:45:14 : SQLSTATE[23000]: Integrity constraint violation: 1451 Cannot delete or update a parent row: a foreign key constraint fails (`tam`.`basket`, CONSTRAINT `product_id` FOREIGN KEY (`product_id`) REFERENCES `products` (`id`))
07/08/2022 15:45:20 : SQLSTATE[23000]: Integrity constraint violation: 1451 Cannot delete or update a parent row: a foreign key constraint fails (`tam`.`basket`, CONSTRAINT `product_id` FOREIGN KEY (`product_id`) REFERENCES `products` (`id`))
07/08/2022 16:05:15 : La route n'existe pas
07/08/2022 18:52:51 : La route n'existe pas
07/08/2022 18:53:53 : La route n'existe pas
07/08/2022 19:14:58 : La route n'existe pas
07/08/2022 19:15:03 : La route n'existe pas
07/08/2022 19:15:23 : La route n'existe pas
07/08/2022 19:16:11 : La route n'existe pas
07/08/2022 19:20:08 : La route n'existe pas
07/08/2022 19:20:14 : La route n'existe pas
07/08/2022 19:21:53 : SQLSTATE[HY000] [2002] Connection refused
07/08/2022 19:23:22 : SQLSTATE[HY000] [2002] Connection refused
07/08/2022 19:24:03 : La route n'existe pas
07/08/2022 19:25:00 : La route n'existe pas
07/08/2022 19:26:24 : La route n'existe pas
07/08/2022 19:26:40 : La route n'existe pas
07/08/2022 19:27:33 : La route n'existe pas
07/08/2022 19:42:50 : La route n'existe pas
07/08/2022 19:45:13 : La route n'existe pas
07/08/2022 19:49:53 : La route n'existe pas
07/08/2022 19:50:37 : La route n'existe pas
07/08/2022 19:51:05 : La route n'existe pas
07/08/2022 19:52:19 : La route n'existe pas
07/08/2022 19:52:51 : La route n'existe pas
07/08/2022 19:53:03 : La route n'existe pas
07/08/2022 19:55:01 : La route n'existe pas
07/08/2022 19:55:08 : La route n'existe pas
07/08/2022 19:55:49 : La route n'existe pas
07/08/2022 19:57:51 : La route n'existe pas
07/08/2022 20:03:39 : La route n'existe pas
07/08/2022 20:05:47 : La route n'existe pas
07/08/2022 20:06:57 : La route n'existe pas
07/08/2022 20:09:50 : La route n'existe pas
07/08/2022 20:44:34 : SQLSTATE[23000]: Integrity constraint violation: 1048 Column 'img' cannot be null
07/08/2022 20:45:16 : SQLSTATE[23000]: Integrity constraint violation: 1048 Column 'img' cannot be null
07/08/2022 20:45:18 : La route n'existe pas
07/08/2022 20:45:20 : SQLSTATE[23000]: Integrity constraint violation: 1048 Column 'img' cannot be null
07/08/2022 20:45:45 : SQLSTATE[23000]: Integrity constraint violation: 1048 Column 'img' cannot be null
07/08/2022 20:47:45 : La route n'existe pas
07/08/2022 20:48:10 : La route n'existe pas
07/08/2022 21:37:02 : Charge ch_3LT7iiB3dtYEA9zh0hatwtcP has already been captured.
07/08/2022 21:37:20 : Charge ch_3LT7iiB3dtYEA9zh0hatwtcP has already been captured.
07/08/2022 21:37:28 : Charge ch_3LT7iiB3dtYEA9zh0hatwtcP has already been captured.
07/08/2022 21:52:13 : No API key provided.  (HINT: set your API key using "Stripe::setApiKey(<API-KEY>)".  You can generate API keys from the Stripe web interface.  See https://stripe.com/api for details, or email support@stripe.com if you have any questions.
07/08/2022 21:52:45 : You cannot use `line_items.amount`, `line_items.currency`, `line_items.name`, `line_items.description`, or `line_items.images` in this API version. Please use `line_items.price` or `line_items.price_data`.
07/08/2022 21:54:03 : You cannot use `line_items.amount`, `line_items.currency`, `line_items.name`, `line_items.description`, or `line_items.images` in this API version. Please use `line_items.price` or `line_items.price_data`.
07/08/2022 21:55:28 : Received unknown parameters: price_data.currency, price_data.product_data.name, price_data.product_data.description, price_data.product_data.images, price_data.unit_amount. Did you mean price_data?
07/08/2022 21:55:59 : Received unknown parameters: price_data.product_data.name, price_data.product_data.description, price_data.product_data.images, price_data.unit_amount
07/08/2022 21:57:46 : Received unknown parameter: line_items[0][price_data.unit_amount]
07/08/2022 21:58:15 : You may only specify one of these parameters: name, price_data.
07/08/2022 21:58:41 : Received unknown parameter: line_items[0][total]
07/08/2022 21:59:46 : Received unknown parameter: line_items[0][total]
07/08/2022 21:59:51 : Received unknown parameter: line_items[0][total]
07/08/2022 22:03:54 : Missing required param: success_url.
07/08/2022 22:04:59 : Missing required param: success_url.
07/08/2022 22:05:25 : Missing required param: success_url.
07/08/2022 22:05:40 : Missing required param: success_url.
07/08/2022 22:12:27 : Missing required param: success_url.
07/08/2022 22:15:50 : Missing required param: success_url.
07/08/2022 22:16:15 : Missing required param: success_url.
07/08/2022 22:59:52 : SQLSTATE[HY000] [2002] Connection refused
07/08/2022 23:01:04 : La route n'existe pas
08/08/2022 00:00:27 : La route n'existe pas
08/08/2022 00:01:32 : 
08/08/2022 00:02:01 : 
08/08/2022 00:02:18 : 
